# JRE version: OpenJDK Runtime Environment (17.0.10) (build 17.0.10+0--11572160)
# Java VM: OpenJDK 64-Bit Server VM (17.0.10+0--11572160, mixed mode, tiered, compressed oops, compressed class ptrs, g1 gc, windows-amd64)
GC Precious Log:
 CPUs: 8 total, 8 available
 Memory: 12169M
 Large Page Support: Disabled
 NUMA Support: Disabled
 Compressed Oops: Enabled (32-bit)
 Heap Region Size: 1M
 Heap Min Capacity: 8M
 Heap Initial Capacity: 192M
 Heap Max Capacity: 2G
 Pre-touch: Disabled
 Parallel Workers: 8
 Concurrent Workers: 2
 Concurrent Refinement Workers: 8
 Periodic GC: Disabled
Heap:
 garbage-first heap   total 96256K, used 71399K [0x0000000080000000, 0x0000000100000000)
  region size 1024K, 14 young (14336K), 2 survivors (2048K)
 Metaspace       used 71568K, committed 72192K, reserved 1114112K
  class space    used 9637K, committed 9920K, reserved 1048576K
GC Heap History (20 events):
Event: 28.484 GC heap before
{Heap before GC invocations=22 (full 0):
 garbage-first heap   total 78848K, used 52617K [0x0000000080000000, 0x0000000100000000)
  region size 1024K, 4 young (4096K), 3 survivors (3072K)
 Metaspace       used 57901K, committed 58496K, reserved 1114112K
  class space    used 7946K, committed 8192K, reserved 1048576K
}
Event: 28.487 GC heap after
{Heap after GC invocations=23 (full 0):
 garbage-first heap   total 78848K, used 50964K [0x0000000080000000, 0x0000000100000000)
  region size 1024K, 1 young (1024K), 1 survivors (1024K)
 Metaspace       used 57901K, committed 58496K, reserved 1114112K
  class space    used 7946K, committed 8192K, reserved 1048576K
}
Event: 28.633 GC heap before
{Heap before GC invocations=23 (full 0):
 garbage-first heap   total 78848K, used 56084K [0x0000000080000000, 0x0000000100000000)
  region size 1024K, 8 young (8192K), 1 survivors (1024K)
 Metaspace       used 58349K, committed 58944K, reserved 1114112K
  class space    used 7989K, committed 8256K, reserved 1048576K
}
Event: 28.635 GC heap after
{Heap after GC invocations=24 (full 0):
 garbage-first heap   total 95232K, used 51456K [0x0000000080000000, 0x0000000100000000)
  region size 1024K, 1 young (1024K), 1 survivors (1024K)
 Metaspace       used 58349K, committed 58944K, reserved 1114112K
  class space    used 7989K, committed 8256K, reserved 1048576K
}
Event: 29.283 GC heap before
{Heap before GC invocations=25 (full 0):
 garbage-first heap   total 95232K, used 72960K [0x0000000080000000, 0x0000000100000000)
  region size 1024K, 22 young (22528K), 1 survivors (1024K)
 Metaspace       used 60026K, committed 60608K, reserved 1114112K
  class space    used 8228K, committed 8512K, reserved 1048576K
}
Event: 29.285 GC heap after
{Heap after GC invocations=26 (full 0):
 garbage-first heap   total 95232K, used 53084K [0x0000000080000000, 0x0000000100000000)
  region size 1024K, 2 young (2048K), 2 survivors (2048K)
 Metaspace       used 60026K, committed 60608K, reserved 1114112K
  class space    used 8228K, committed 8512K, reserved 1048576K
}
Event: 29.320 GC heap before
{Heap before GC invocations=26 (full 0):
 garbage-first heap   total 95232K, used 55132K [0x0000000080000000, 0x0000000100000000)
  region size 1024K, 4 young (4096K), 2 survivors (2048K)
 Metaspace       used 60201K, committed 60736K, reserved 1114112K
  class space    used 8251K, committed 8512K, reserved 1048576K
}
Event: 29.323 GC heap after
{Heap after GC invocations=27 (full 0):
 garbage-first heap   total 95232K, used 52585K [0x0000000080000000, 0x0000000100000000)
  region size 1024K, 1 young (1024K), 1 survivors (1024K)
 Metaspace       used 60201K, committed 60736K, reserved 1114112K
  class space    used 8251K, committed 8512K, reserved 1048576K
}
Event: 29.825 GC heap before
{Heap before GC invocations=27 (full 0):
 garbage-first heap   total 95232K, used 73065K [0x0000000080000000, 0x0000000100000000)
  region size 1024K, 22 young (22528K), 1 survivors (1024K)
 Metaspace       used 62389K, committed 63040K, reserved 1114112K
  class space    used 8468K, committed 8768K, reserved 1048576K
}
Event: 29.827 GC heap after
{Heap after GC invocations=28 (full 0):
 garbage-first heap   total 95232K, used 53061K [0x0000000080000000, 0x0000000100000000)
  region size 1024K, 1 young (1024K), 1 survivors (1024K)
 Metaspace       used 62389K, committed 63040K, reserved 1114112K
  class space    used 8468K, committed 8768K, reserved 1048576K
}
Event: 30.383 GC heap before
{Heap before GC invocations=29 (full 0):
 garbage-first heap   total 96256K, used 74565K [0x0000000080000000, 0x0000000100000000)
  region size 1024K, 23 young (23552K), 1 survivors (1024K)
 Metaspace       used 64817K, committed 65344K, reserved 1114112K
  class space    used 8713K, committed 8960K, reserved 1048576K
}
Event: 30.386 GC heap after
{Heap after GC invocations=30 (full 0):
 garbage-first heap   total 96256K, used 53778K [0x0000000080000000, 0x0000000100000000)
  region size 1024K, 2 young (2048K), 2 survivors (2048K)
 Metaspace       used 64817K, committed 65344K, reserved 1114112K
  class space    used 8713K, committed 8960K, reserved 1048576K
}
Event: 30.427 GC heap before
{Heap before GC invocations=30 (full 0):
 garbage-first heap   total 96256K, used 54802K [0x0000000080000000, 0x0000000100000000)
  region size 1024K, 4 young (4096K), 2 survivors (2048K)
 Metaspace       used 64959K, committed 65472K, reserved 1114112K
  class space    used 8734K, committed 8960K, reserved 1048576K
}
Event: 30.431 GC heap after
{Heap after GC invocations=31 (full 0):
 garbage-first heap   total 96256K, used 53339K [0x0000000080000000, 0x0000000100000000)
  region size 1024K, 1 young (1024K), 1 survivors (1024K)
 Metaspace       used 64959K, committed 65472K, reserved 1114112K
  class space    used 8734K, committed 8960K, reserved 1048576K
}
Event: 31.501 GC heap before
{Heap before GC invocations=31 (full 0):
 garbage-first heap   total 96256K, used 76891K [0x0000000080000000, 0x0000000100000000)
  region size 1024K, 25 young (25600K), 1 survivors (1024K)
 Metaspace       used 67402K, committed 67968K, reserved 1114112K
  class space    used 9115K, committed 9408K, reserved 1048576K
}
Event: 31.505 GC heap after
{Heap after GC invocations=32 (full 0):
 garbage-first heap   total 96256K, used 54628K [0x0000000080000000, 0x0000000100000000)
  region size 1024K, 2 young (2048K), 2 survivors (2048K)
 Metaspace       used 67402K, committed 67968K, reserved 1114112K
  class space    used 9115K, committed 9408K, reserved 1048576K
}
Event: 33.150 GC heap before
{Heap before GC invocations=32 (full 0):
 garbage-first heap   total 96256K, used 83300K [0x0000000080000000, 0x0000000100000000)
  region size 1024K, 25 young (25600K), 2 survivors (2048K)
 Metaspace       used 69292K, committed 69888K, reserved 1114112K
  class space    used 9351K, committed 9664K, reserved 1048576K
}
Event: 33.155 GC heap after
{Heap after GC invocations=33 (full 0):
 garbage-first heap   total 96256K, used 58803K [0x0000000080000000, 0x0000000100000000)
  region size 1024K, 4 young (4096K), 4 survivors (4096K)
 Metaspace       used 69292K, committed 69888K, reserved 1114112K
  class space    used 9351K, committed 9664K, reserved 1048576K
}
Event: 34.600 GC heap before
{Heap before GC invocations=33 (full 0):
 garbage-first heap   total 96256K, used 78259K [0x0000000080000000, 0x0000000100000000)
  region size 1024K, 23 young (23552K), 4 survivors (4096K)
 Metaspace       used 70765K, committed 71360K, reserved 1114112K
  class space    used 9536K, committed 9856K, reserved 1048576K
}
Event: 34.606 GC heap after
{Heap after GC invocations=34 (full 0):
 garbage-first heap   total 96256K, used 60135K [0x0000000080000000, 0x0000000100000000)
  region size 1024K, 2 young (2048K), 2 survivors (2048K)
 Metaspace       used 70765K, committed 71360K, reserved 1114112K
  class space    used 9536K, committed 9856K, reserved 1048576K
}

